#
# There is insufficient memory for the Java Runtime Environment to continue.
# Native memory allocation (mmap) failed to map 536870912 bytes for Failed to commit area from 0x0000000600c00000 to 0x0000000620c00000 of length 536870912.
# Possible reasons:
#   The system is out of physical RAM or swap space
#   The process is running with CompressedOops enabled, and the Java Heap may be blocking the growth of the native heap
# Possible solutions:
#   Reduce memory load on the system
#   Increase physical memory or swap space
#   Check if swap backing store is full
#   Decrease Java heap size (-Xmx/-Xms)
#   Decrease number of Java threads
#   Decrease Java thread stack sizes (-Xss)
#   Set larger code cache with -XX:ReservedCodeCacheSize=
# This output file may be truncated or incomplete.
#
#  Out of Memory Error (./src/hotspot/os/windows/os_windows.cpp:3303), pid=16900, tid=20804
#
# JRE version:  (11.0.7+10) (build )
# Java VM: OpenJDK 64-Bit Server VM (11.0.7+10-b765.64, mixed mode, sharing, tiered, compressed oops, g1 gc, windows-amd64)
# No core dump will be written. Minidumps are not enabled by default on client versions of Windows
#

---------------  S U M M A R Y ------------

Command Line: org.jetbrains.git4idea.http.GitAskPassApp Username for 'https://git-codecommit.us-west-2.amazonaws.com/v1/repos/xspace-webapp-v2': 

Host: AMD Ryzen 7 2700X Eight-Core Processor         , 16 cores, 31G,  Windows 10 , 64 bit Build 18362 (10.0.18362.900)
Time: Mon Jul 13 22:13:51 2020 Central Daylight Time elapsed time: 0 seconds (0d 0h 0m 0s)

---------------  T H R E A D  ---------------

Current thread (0x000002478ed62800):  JavaThread "Unknown thread" [_thread_in_vm, id=20804, stack(0x0000009b3c000000,0x0000009b3c100000)]

Stack: [0x0000009b3c000000,0x0000009b3c100000]
Native frames: (J=compiled Java code, j=interpreted, Vv=VM code, C=native code)
V  [jvm.dll+0x5dda4a]
V  [jvm.dll+0x711595]
V  [jvm.dll+0x712aed]
V  [jvm.dll+0x7131a3]
V  [jvm.dll+0x23e368]
V  [jvm.dll+0x5daf04]
V  [jvm.dll+0x5d0085]
V  [jvm.dll+0x2fb0cb]
V  [jvm.dll+0x2fb03a]
V  [jvm.dll+0x2faf12]
V  [jvm.dll+0x2ffdf6]
V  [jvm.dll+0x348393]
V  [jvm.dll+0x348a96]
V  [jvm.dll+0x348493]
V  [jvm.dll+0x2d59e8]
V  [jvm.dll+0x2d6b87]
V  [jvm.dll+0x6f04e7]
V  [jvm.dll+0x6f1cdc]
V  [jvm.dll+0x355909]
V  [jvm.dll+0x6d42ae]
V  [jvm.dll+0x3bda13]
V  [jvm.dll+0x3bfc51]
C  [jli.dll+0x5363]
C  [ucrtbase.dll+0x20e82]
C  [KERNEL32.DLL+0x17bd4]
C  [ntdll.dll+0x6ce51]


---------------  P R O C E S S  ---------------

Threads class SMR info:
_java_thread_list=0x000002478eb45ff0, length=0, elements={
}

Java Threads: ( => current thread )

Other Threads:
  0x000002478ed7d000 GCTaskThread "GC Thread#0" [stack: 0x0000009b3c100000,0x0000009b3c200000] [id=26000]
  0x000002478edfe000 ConcurrentGCThread "G1 Main Marker" [stack: 0x0000009b3c200000,0x0000009b3c300000] [id=12400]
  0x000002478edff800 ConcurrentGCThread "G1 Conc#0" [stack: 0x0000009b3c300000,0x0000009b3c400000] [id=15628]

[error occurred during error reporting (printing all threads), id 0xc0000005, EXCEPTION_ACCESS_VIOLATION (0xc0000005) at pc=0x00007ff9e75b5fc7]

VM state:not at safepoint (not fully initialized)

VM Mutex/Monitor currently owned by a thread:  ([mutex/lock_event])
[0x000002478ed5e630] Heap_lock - owner thread: 0x000002478ed62800

Heap address: 0x0000000600c00000, size: 8180 MB, Compressed Oops mode: Non-zero based: 0x0000000600c00000
Narrow klass base: 0x0000000000000000, Narrow klass shift: 0

GC Heap History (0 events):
No events

Deoptimization events (0 events):
No events

Classes redefined (0 events):
No events

Internal exceptions (0 events):
No events

Events (2 events):
Event: 0.005 Loaded shared library C:\Program Files\JetBrains\IntelliJ IDEA 2020.1\jbr\bin\zip.dll
Event: 0.005 Loaded shared library C:\Program Files\JetBrains\IntelliJ IDEA 2020.1\jbr\bin\jimage.dll


Dynamic libraries:
0x00007ff637000000 - 0x00007ff63700a000 	C:\Program Files\JetBrains\IntelliJ IDEA 2020.1\jbr\bin\java.exe
0x00007ffa27400000 - 0x00007ffa275f0000 	C:\WINDOWS\SYSTEM32\ntdll.dll
0x00007ffa27180000 - 0x00007ffa27232000 	C:\WINDOWS\System32\KERNEL32.DLL
0x00007ffa251a0000 - 0x00007ffa25444000 	C:\WINDOWS\System32\KERNELBASE.dll
0x00007ffa24390000 - 0x00007ffa2448a000 	C:\WINDOWS\System32\ucrtbase.dll
0x00007ffa15f70000 - 0x00007ffa15f87000 	C:\Program Files\JetBrains\IntelliJ IDEA 2020.1\jbr\bin\VCRUNTIME140.dll
0x00007ffa15fc0000 - 0x00007ffa15fd9000 	C:\Program Files\JetBrains\IntelliJ IDEA 2020.1\jbr\bin\jli.dll
0x00007ffa26410000 - 0x00007ffa265a4000 	C:\WINDOWS\System32\USER32.dll
0x00007ffa24490000 - 0x00007ffa244b1000 	C:\WINDOWS\System32\win32u.dll
0x00007ffa16d40000 - 0x00007ffa16fc4000 	C:\WINDOWS\WinSxS\amd64_microsoft.windows.common-controls_6595b64144ccf1df_6.0.18362.900_none_e6beb9d913147d17\COMCTL32.dll
0x00007ffa27390000 - 0x00007ffa273b6000 	C:\WINDOWS\System32\GDI32.dll
0x00007ffa26f80000 - 0x00007ffa2701e000 	C:\WINDOWS\System32\msvcrt.dll
0x00007ffa25000000 - 0x00007ffa25195000 	C:\WINDOWS\System32\gdi32full.dll
0x00007ffa255a0000 - 0x00007ffa258d5000 	C:\WINDOWS\System32\combase.dll
0x00007ffa24510000 - 0x00007ffa245ae000 	C:\WINDOWS\System32\msvcp_win.dll
0x00007ffa25940000 - 0x00007ffa25a60000 	C:\WINDOWS\System32\RPCRT4.dll
0x00007ffa24800000 - 0x00007ffa24880000 	C:\WINDOWS\System32\bcryptPrimitives.dll
0x00007ffa272b0000 - 0x00007ffa272de000 	C:\WINDOWS\System32\IMM32.DLL
0x00007ffa06d40000 - 0x00007ffa06ddd000 	C:\Program Files\JetBrains\IntelliJ IDEA 2020.1\jbr\bin\msvcp140.dll
0x00007ff9e72d0000 - 0x00007ff9e7d8b000 	C:\Program Files\JetBrains\IntelliJ IDEA 2020.1\jbr\bin\server\jvm.dll
0x00007ffa260a0000 - 0x00007ffa26143000 	C:\WINDOWS\System32\ADVAPI32.dll
0x00007ffa26690000 - 0x00007ffa26727000 	C:\WINDOWS\System32\sechost.dll
0x00007ffa26f70000 - 0x00007ffa26f78000 	C:\WINDOWS\System32\PSAPI.DLL
0x00007ffa0f9b0000 - 0x00007ffa0f9b9000 	C:\WINDOWS\SYSTEM32\WSOCK32.dll
0x00007ffa20a80000 - 0x00007ffa20aa4000 	C:\WINDOWS\SYSTEM32\WINMM.dll
0x00007ffa27240000 - 0x00007ffa272af000 	C:\WINDOWS\System32\WS2_32.dll
0x00007ffa1e2b0000 - 0x00007ffa1e2ba000 	C:\WINDOWS\SYSTEM32\VERSION.dll
0x00007ffa20a50000 - 0x00007ffa20a7d000 	C:\WINDOWS\SYSTEM32\winmmbase.dll
0x00007ffa244c0000 - 0x00007ffa2450a000 	C:\WINDOWS\System32\cfgmgr32.dll
0x00007ffa242d0000 - 0x00007ffa242e1000 	C:\WINDOWS\System32\kernel.appcore.dll
0x00007ffa207b0000 - 0x00007ffa207c1000 	C:\Program Files\JetBrains\IntelliJ IDEA 2020.1\jbr\bin\verify.dll
0x00007ffa22ca0000 - 0x00007ffa22e94000 	C:\WINDOWS\SYSTEM32\DBGHELP.DLL
0x00007ffa13100000 - 0x00007ffa1312a000 	C:\WINDOWS\SYSTEM32\dbgcore.DLL
0x00007ffa15e50000 - 0x00007ffa15e79000 	C:\Program Files\JetBrains\IntelliJ IDEA 2020.1\jbr\bin\java.dll
0x00007ffa15dd0000 - 0x00007ffa15de8000 	C:\Program Files\JetBrains\IntelliJ IDEA 2020.1\jbr\bin\zip.dll
0x00007ffa22a30000 - 0x00007ffa22a3b000 	C:\Program Files\JetBrains\IntelliJ IDEA 2020.1\jbr\bin\jimage.dll

dbghelp: loaded successfully - version: 4.0.5 - missing functions: none
symbol engine: initialized successfully - sym options: 0x614 - pdb path: .;C:\Program Files\JetBrains\IntelliJ IDEA 2020.1\jbr\bin;C:\WINDOWS\SYSTEM32;C:\WINDOWS\WinSxS\amd64_microsoft.windows.common-controls_6595b64144ccf1df_6.0.18362.900_none_e6beb9d913147d17;C:\Program Files\JetBrains\IntelliJ IDEA 2020.1\jbr\bin\server

VM Arguments:
java_command: org.jetbrains.git4idea.http.GitAskPassApp Username for 'https://git-codecommit.us-west-2.amazonaws.com/v1/repos/xspace-webapp-v2': 
java_class_path (initial): C:/Program Files/JetBrains/IntelliJ IDEA 2020.1/plugins/git4idea/lib/git4idea-rt.jar;C:/Program Files/JetBrains/IntelliJ IDEA 2020.1/lib/xmlrpc-2.0.1.jar;C:/Program Files/JetBrains/IntelliJ IDEA 2020.1/lib/commons-codec-1.14.jar;C:/Program Files/JetBrains/IntelliJ IDEA 2020.1/lib/util.jar
Launcher Type: SUN_STANDARD

[Global flags]
     intx CICompilerCount                          = 12                                        {product} {ergonomic}
     uint ConcGCThreads                            = 3                                         {product} {ergonomic}
     uint G1ConcRefinementThreads                  = 13                                        {product} {ergonomic}
   size_t G1HeapRegionSize                         = 2097152                                   {product} {ergonomic}
    uintx GCDrainStackTargetSize                   = 64                                        {product} {ergonomic}
   size_t InitialHeapSize                          = 536870912                                 {product} {ergonomic}
   size_t MarkStackSize                            = 4194304                                   {product} {ergonomic}
   size_t MaxHeapSize                              = 8577351680                                {product} {ergonomic}
   size_t MinHeapDeltaBytes                        = 2097152                                   {product} {ergonomic}
    uintx NonNMethodCodeHeapSize                   = 7594288                                {pd product} {ergonomic}
    uintx NonProfiledCodeHeapSize                  = 122031976                              {pd product} {ergonomic}
    uintx ProfiledCodeHeapSize                     = 122031976                              {pd product} {ergonomic}
    uintx ReservedCodeCacheSize                    = 251658240                              {pd product} {ergonomic}
     bool SegmentedCodeCache                       = true                                      {product} {ergonomic}
     bool UseCompressedClassPointers               = true                                 {lp64_product} {ergonomic}
     bool UseCompressedOops                        = true                                 {lp64_product} {ergonomic}
     bool UseG1GC                                  = true                                      {product} {ergonomic}
     bool UseLargePagesIndividualAllocation        = false                                  {pd product} {ergonomic}

Logging:
Log output configuration:
 #0: stdout all=warning uptime,level,tags
 #1: stderr all=off uptime,level,tags

Environment Variables:
JAVA_HOME=C:\Program Files\Java\jdk-11.0.2
PATH=C:\program files\git\mingw64\libexec\git-core;C:\program files\git\mingw64\libexec\git-core;C:\program files\git\mingw64\bin;C:\program files\git\usr\bin;C:\Users\10dallasj\bin;C:\Program Files\nodejs;C:\Users\10dallasj\PycharmProjects\Python 3.6\Scripts;C:\Users\10dallasj\PycharmProjects\Python 3.6;C:\Program Files\Python\Python3.8\Scripts;C:\Program Files\Python\Python3.8;C:\Program Files\NVIDIA GPU Computing Toolkit\CUDA\v10.1\bin;C:\Program Files\NVIDIA GPU Computing Toolkit\CUDA\v10.1\libnvvp;C:\program files\imagemagick-7.0.8-q16;C:\program files (x86)\common files\intel\shared libraries\redist\intel64\compiler;C:\windows\system32;C:\windows;C:\windows\system32\wbem;C:\windows\system32\windowspowershell\v1.0;C:\program files (x86)\windows kits\8.1\windows performance toolkit;C:\program files\matlab\r2017b\bin;C:\windows\system32\openssh;C:\program files\git\cmd;C:\program files\amazon\awscli;C:\program files (x86)\microsoft visual studio\2017\community\common7\ide;C:\program files\cmake\bin;C:\program files\microsoft sql server\110\tools\binn;C:\program files (x86)\gnuwin32\bin;C:\users\10dallasj\.dnx\bin;C:\program files\microsoft dnx\dnvm;C:\program files\microsoft sql server\130\tools\binn;C:\Program Files (x86)\NVIDIA Corporation\PhysX\Common;C:\Program Files\NVIDIA Corporation\NVIDIA NvDLISR;C:\Program Files\NVIDIA Corporation\NVSMI;C:\msys64\usr\bin;C:\bazel;C:\tools\cuda\bin;D:\OIIO\QT4\bin;D:\CMVS-PMVS-master\CMVS-PMVS-master\binariesWin-Linux\Win64-VS2010;C:\Program Files\dotnet;C:\Program Files\Java\jdk-11.0.2\bin;D:\apache-ant-1.10.5-bin\apache-ant-1.10.5\bin;D:\opencv\build\x64\vc14\bin;D:\opencv\build\x64\vc15\bin;C:\Program Files (x86)\Yarn\bin;C:\Program Files\Microsoft\Web Platform Installer;C:\nodejs;C:\Users\10dallasj\.windows-build-tools\Python27\Scripts;C:\Users\10dallasj\.windows-build-tools\Python27;C:\Users\10dallasj\.windows-build-tools\python27;C:\Users\10dallasj\.windows-build-tools\python27;C:\Users\10dallasj\.windows-build-tools\p
USERNAME=10dallasj
DISPLAY=:0.0
OS=Windows_NT
PROCESSOR_IDENTIFIER=AMD64 Family 23 Model 8 Stepping 2, AuthenticAMD



---------------  S Y S T E M  ---------------

OS: Windows 10 , 64 bit Build 18362 (10.0.18362.900)
OS uptime: 7 days 9:58 hours

CPU:total 16 (initial active 16) (16 cores per cpu, 2 threads per core) family 23 model 8 stepping 2, cmov, cx8, fxsr, mmx, sse, sse2, sse3, ssse3, sse4.1, sse4.2, popcnt, avx, avx2, aes, clmul, mmxext, 3dnowpref, lzcnt, sse4a, ht, tsc, tscinvbit, tscinv, bmi1, bmi2, adx, sha, fma

Memory: 4k page, system-wide physical 32717M (14292M free)
TotalPageFile size 48717M (AvailPageFile size 22M)
current process WorkingSet (physical memory assigned to process): 10M, peak: 10M
current process commit charge ("private bytes"): 71M, peak: 583M

vm_info: OpenJDK 64-Bit Server VM (11.0.7+10-b765.64) for windows-amd64 JRE (11.0.7+10-b765.64), built on Jun 22 2020 14:48:21 by "" with MS VC++ 14.0 (VS2015)

END.
